Bombila/app/build/intermediates/manifest_merge_blame_file/debug/manifest-merger-blame-debug-report.txt
1<?xml version="1.0" encoding="utf-8"?>
2<manifest xmlns:android="http://schemas.android.com/apk/res/android"
3    package="com.example.bombila"
4    android:versionCode="1"
5    android:versionName="1.0" >
6
7    <uses-sdk
8        android:minSdkVersion="16"
8-->src\main\AndroidManifest.xml
9        android:targetSdkVersion="30" />
9-->src\main\AndroidManifest.xml
10
11    <!-- Include required permissions for Google Maps API to run. -->
12    <uses-permission android:name="android.permission.ACCESS_NETWORK_STATE" />
12-->[com.google.android.gms:play-services-maps:17.0.0] AndroidManifest.xml:23:5-79
12-->[com.google.android.gms:play-services-maps:17.0.0] AndroidManifest.xml:23:22-76
13    <uses-permission android:name="android.permission.INTERNET" />
13-->[com.google.android.gms:play-services-maps:17.0.0] AndroidManifest.xml:24:5-67
13-->[com.google.android.gms:play-services-maps:17.0.0] AndroidManifest.xml:24:22-64
14
15    <uses-feature
15-->[com.google.android.gms:play-services-maps:17.0.0] AndroidManifest.xml:26:5-28:35
16        android:glEsVersion="0x00020000"
16-->[com.google.android.gms:play-services-maps:17.0.0] AndroidManifest.xml:27:9-41
17        android:required="true" />
17-->[com.google.android.gms:play-services-maps:17.0.0] AndroidManifest.xml:28:9-32
18
19    <application
19-->src\main\AndroidManifest.xml:5:5-19:19
20        android:allowBackup="true"
20-->src\main\AndroidManifest.xml:6:9-35
21        android:appComponentFactory="androidx.core.app.CoreComponentFactory"
21-->[androidx.core:core:1.1.0] AndroidManifest.xml:24:18-86
22        android:debuggable="true"
23        android:icon="@mipmap/ic_launcher"
23-->src\main\AndroidManifest.xml:7:9-43
24        android:label="@string/app_name"
24-->src\main\AndroidManifest.xml:8:9-41
25        android:roundIcon="@mipmap/ic_launcher_round"
25-->src\main\AndroidManifest.xml:9:9-54
26        android:supportsRtl="true"
26-->src\main\AndroidManifest.xml:10:9-35
27        android:testOnly="true"
28        android:theme="@style/Theme.Bombila" >
28-->src\main\AndroidManifest.xml:11:9-45
29        <activity android:name="com.example.bombila.MainActivity" >
29-->src\main\AndroidManifest.xml:12:9-18:20
29-->src\main\AndroidManifest.xml:12:19-47
30            <intent-filter>
30-->src\main\AndroidManifest.xml:13:13-17:29
31                <action android:name="android.intent.action.MAIN" />
31-->src\main\AndroidManifest.xml:14:17-69
31-->src\main\AndroidManifest.xml:14:25-66
32
33                <category android:name="android.intent.category.LAUNCHER" />
33-->src\main\AndroidManifest.xml:16:17-77
33-->src\main\AndroidManifest.xml:16:27-74
34            </intent-filter>
35        </activity>
36        <!-- Needs to be explicitly declared on P+ -->
37        <uses-library
37-->[com.google.android.gms:play-services-maps:17.0.0] AndroidManifest.xml:33:9-35:40
38            android:name="org.apache.http.legacy"
38-->[com.google.android.gms:play-services-maps:17.0.0] AndroidManifest.xml:34:13-50
39            android:required="false" />
39-->[com.google.android.gms:play-services-maps:17.0.0] AndroidManifest.xml:35:13-37
40
41        <activity
41-->[com.google.android.gms:play-services-base:17.0.0] AndroidManifest.xml:23:9-26:75
42            android:name="com.google.android.gms.common.api.GoogleApiActivity"
42-->[com.google.android.gms:play-services-base:17.0.0] AndroidManifest.xml:24:13-79
43            android:exported="false"
43-->[com.google.android.gms:play-services-base:17.0.0] AndroidManifest.xml:25:13-37
44            android:theme="@android:style/Theme.Translucent.NoTitleBar" />
44-->[com.google.android.gms:play-services-base:17.0.0] AndroidManifest.xml:26:13-72
45
46        <meta-data
46-->[com.google.android.gms:play-services-basement:17.0.0] AndroidManifest.xml:23:9-25:69
47            android:name="com.google.android.gms.version"
47-->[com.google.android.gms:play-services-basement:17.0.0] AndroidManifest.xml:24:13-58
48            android:value="@integer/google_play_services_version" />
48-->[com.google.android.gms:play-services-basement:17.0.0] AndroidManifest.xml:25:13-66
49    </application>
50
51</manifest>